<?xml version="1.0" encoding="UTF-8"?>
<!-- Generated by org.testng.reporters.JUnitXMLReporter -->
<testsuite ignored="2" hostname="DESKTOP-GF57R6E" failures="0" tests="5" name="Test" time="31.936" errors="0" timestamp="2024-01-16T14:29:29 AST">
  <testcase classname="qaisr.Login" name="sqlInjection" time="4.545"/>
  <testcase classname="qaisr.RPS" name="RPSs" time="4.446"/>
  <testcase classname="qaisr.ToDo" name="ToDoo" time="4.921"/>
  <testcase classname="qaisr.qCards" name="bvcards" time="2.888"/>
  <testcase classname="qaisr.pumpingLemma" name="oumbLema" time="4.384"/>
  <testcase classname="qaisr.Login" name="authLogin" time="0.0">
    <ignored/>
  </testcase> <!-- authLogin -->
  <testcase classname="qaisr.Login" name="testToken" time="0.0">
    <ignored/>
  </testcase> <!-- testToken -->
</testsuite> <!-- Test -->
