<?xml version="1.0" encoding="UTF-8"?>
<testng-results ignored="0" total="1" passed="1" failed="0" skipped="0">
  <reporter-output>
  </reporter-output>
  <suite started-at="2024-02-12T14:35:16 AST" name="Default suite" finished-at="2024-02-12T14:35:49 AST" duration-ms="33440">
    <groups>
    </groups>
    <test started-at="2024-02-12T14:35:16 AST" name="Default test" finished-at="2024-02-12T14:35:49 AST" duration-ms="33440">
      <class name="qaisr.dice">
        <test-method is-config="true" signature="before()[pri:0, instance:qaisr.dice@75d4a5c2]" started-at="2024-02-12T14:35:16 AST" name="before" finished-at="2024-02-12T14:35:17 AST" duration-ms="1436" status="PASS">
          <reporter-output>
          </reporter-output>
        </test-method> <!-- before -->
        <test-method signature="car()[pri:0, instance:qaisr.dice@75d4a5c2]" started-at="2024-02-12T14:35:17 AST" name="car" finished-at="2024-02-12T14:35:49 AST" duration-ms="31862" status="PASS">
          <reporter-output>
          </reporter-output>
        </test-method> <!-- car -->
        <test-method is-config="true" signature="aftermethod()[pri:0, instance:qaisr.dice@75d4a5c2]" started-at="2024-02-12T14:35:49 AST" name="aftermethod" finished-at="2024-02-12T14:35:49 AST" duration-ms="117" status="PASS">
          <reporter-output>
          </reporter-output>
        </test-method> <!-- aftermethod -->
      </class> <!-- qaisr.dice -->
    </test> <!-- Default test -->
  </suite> <!-- Default suite -->
</testng-results>
